# JRE version: OpenJDK Runtime Environment (8.0_112-b06) (build 1.8.0_112-release-b06)
# Java VM: OpenJDK 64-Bit Server VM (25.112-b06 mixed mode linux-amd64 compressed oops)
Heap:
 PSYoungGen      total 15872K, used 14062K [0x00000000feb00000, 0x00000000fff00000, 0x0000000100000000)
  eden space 14336K, 88% used [0x00000000feb00000,0x00000000ff7538a0,0x00000000ff900000)
  from space 1536K, 93% used [0x00000000ff900000,0x00000000ffa68000,0x00000000ffa80000)
  to   space 3072K, 0% used [0x00000000ffc00000,0x00000000ffc00000,0x00000000fff00000)
 ParOldGen       total 37376K, used 24826K [0x00000000fc000000, 0x00000000fe480000, 0x00000000feb00000)
  object space 37376K, 66% used [0x00000000fc000000,0x00000000fd83eb50,0x00000000fe480000)
 Metaspace       used 47300K, capacity 48782K, committed 49024K, reserved 1091584K
  class space    used 6446K, capacity 6783K, committed 6784K, reserved 1048576K
GC Heap History (10 events):
Event: 16.262 GC heap before
{Heap before GC invocations=39 (full 2):
 PSYoungGen      total 16384K, used 14283K [0x00000000feb00000, 0x00000000fff00000, 0x0000000100000000)
  eden space 13312K, 100% used [0x00000000feb00000,0x00000000ff800000,0x00000000ff800000)
  from space 3072K, 31% used [0x00000000ffc00000,0x00000000ffcf2f00,0x00000000fff00000)
  to   space 3584K, 0% used [0x00000000ff800000,0x00000000ff800000,0x00000000ffb80000)
 ParOldGen       total 37376K, used 20880K [0x00000000fc000000, 0x00000000fe480000, 0x00000000feb00000)
  object space 37376K, 55% used [0x00000000fc000000,0x00000000fd464170,0x00000000fe480000)
 Metaspace       used 43638K, capacity 44672K, committed 44800K, reserved 1087488K
  class space    used 5871K, capacity 6134K, committed 6144K, reserved 1048576K
Event: 16.273 GC heap after
Heap after GC invocations=39 (full 2):
 PSYoungGen      total 16896K, used 1397K [0x00000000feb00000, 0x0000000100000000, 0x0000000100000000)
  eden space 13312K, 0% used [0x00000000feb00000,0x00000000feb00000,0x00000000ff800000)
  from space 3584K, 38% used [0x00000000ff800000,0x00000000ff95d520,0x00000000ffb80000)
  to   space 3584K, 0% used [0x00000000ffc80000,0x00000000ffc80000,0x0000000100000000)
 ParOldGen       total 37376K, used 20956K [0x00000000fc000000, 0x00000000fe480000, 0x00000000feb00000)
  object space 37376K, 56% used [0x00000000fc000000,0x00000000fd477180,0x00000000fe480000)
 Metaspace       used 43638K, capacity 44672K, committed 44800K, reserved 1087488K
  class space    used 5871K, capacity 6134K, committed 6144K, reserved 1048576K
}
Event: 17.021 GC heap before
{Heap before GC invocations=40 (full 2):
 PSYoungGen      total 16896K, used 14709K [0x00000000feb00000, 0x0000000100000000, 0x0000000100000000)
  eden space 13312K, 100% used [0x00000000feb00000,0x00000000ff800000,0x00000000ff800000)
  from space 3584K, 38% used [0x00000000ff800000,0x00000000ff95d520,0x00000000ffb80000)
  to   space 3584K, 0% used [0x00000000ffc80000,0x00000000ffc80000,0x0000000100000000)
 ParOldGen       total 37376K, used 20956K [0x00000000fc000000, 0x00000000fe480000, 0x00000000feb00000)
  object space 37376K, 56% used [0x00000000fc000000,0x00000000fd477180,0x00000000fe480000)
 Metaspace       used 44584K, capacity 45698K, committed 46080K, reserved 1089536K
  class space    used 6002K, capacity 6279K, committed 6400K, reserved 1048576K
Event: 17.027 GC heap after
Heap after GC invocations=40 (full 2):
 PSYoungGen      total 17920K, used 1364K [0x00000000feb00000, 0x0000000100000000, 0x0000000100000000)
  eden space 14336K, 0% used [0x00000000feb00000,0x00000000feb00000,0x00000000ff900000)
  from space 3584K, 38% used [0x00000000ffc80000,0x00000000ffdd5138,0x0000000100000000)
  to   space 3584K, 0% used [0x00000000ff900000,0x00000000ff900000,0x00000000ffc80000)
 ParOldGen       total 37376K, used 21288K [0x00000000fc000000, 0x00000000fe480000, 0x00000000feb00000)
  object space 37376K, 56% used [0x00000000fc000000,0x00000000fd4ca2d0,0x00000000fe480000)
 Metaspace       used 44584K, capacity 45698K, committed 46080K, reserved 1089536K
  class space    used 6002K, capacity 6279K, committed 6400K, reserved 1048576K
}
Event: 17.368 GC heap before
{Heap before GC invocations=41 (full 2):
 PSYoungGen      total 17920K, used 15700K [0x00000000feb00000, 0x0000000100000000, 0x0000000100000000)
  eden space 14336K, 100% used [0x00000000feb00000,0x00000000ff900000,0x00000000ff900000)
  from space 3584K, 38% used [0x00000000ffc80000,0x00000000ffdd5138,0x0000000100000000)
  to   space 3584K, 0% used [0x00000000ff900000,0x00000000ff900000,0x00000000ffc80000)
 ParOldGen       total 37376K, used 21288K [0x00000000fc000000, 0x00000000fe480000, 0x00000000feb00000)
  object space 37376K, 56% used [0x00000000fc000000,0x00000000fd4ca2d0,0x00000000fe480000)
 Metaspace       used 45072K, capacity 46332K, committed 46592K, reserved 1089536K
  class space    used 6088K, capacity 6394K, committed 6400K, reserved 1048576K
Event: 17.383 GC heap after
Heap after GC invocations=41 (full 2):
 PSYoungGen      total 17920K, used 1792K [0x00000000feb00000, 0x0000000100000000, 0x0000000100000000)
  eden space 14336K, 0% used [0x00000000feb00000,0x00000000feb00000,0x00000000ff900000)
  from space 3584K, 50% used [0x00000000ff900000,0x00000000ffac0000,0x00000000ffc80000)
  to   space 3584K, 0% used [0x00000000ffc80000,0x00000000ffc80000,0x0000000100000000)
 ParOldGen       total 37376K, used 21892K [0x00000000fc000000, 0x00000000fe480000, 0x00000000feb00000)
  object space 37376K, 58% used [0x00000000fc000000,0x00000000fd561310,0x00000000fe480000)
 Metaspace       used 45072K, capacity 46332K, committed 46592K, reserved 1089536K
  class space    used 6088K, capacity 6394K, committed 6400K, reserved 1048576K
}
Event: 17.632 GC heap before
{Heap before GC invocations=42 (full 2):
 PSYoungGen      total 17920K, used 16128K [0x00000000feb00000, 0x0000000100000000, 0x0000000100000000)
  eden space 14336K, 100% used [0x00000000feb00000,0x00000000ff900000,0x00000000ff900000)
  from space 3584K, 50% used [0x00000000ff900000,0x00000000ffac0000,0x00000000ffc80000)
  to   space 3584K, 0% used [0x00000000ffc80000,0x00000000ffc80000,0x0000000100000000)
 ParOldGen       total 37376K, used 21892K [0x00000000fc000000, 0x00000000fe480000, 0x00000000feb00000)
  object space 37376K, 58% used [0x00000000fc000000,0x00000000fd561310,0x00000000fe480000)
 Metaspace       used 45916K, capacity 47264K, committed 47360K, reserved 1089536K
  class space    used 6238K, capacity 6570K, committed 6656K, reserved 1048576K
Event: 17.642 GC heap after
Heap after GC invocations=42 (full 2):
 PSYoungGen      total 17920K, used 1882K [0x00000000feb00000, 0x0000000100000000, 0x0000000100000000)
  eden space 14336K, 0% used [0x00000000feb00000,0x00000000feb00000,0x00000000ff900000)
  from space 3584K, 52% used [0x00000000ffc80000,0x00000000ffe56a28,0x0000000100000000)
  to   space 3584K, 0% used [0x00000000ff900000,0x00000000ff900000,0x00000000ffc80000)
 ParOldGen       total 37376K, used 23468K [0x00000000fc000000, 0x00000000fe480000, 0x00000000feb00000)
  object space 37376K, 62% used [0x00000000fc000000,0x00000000fd6eb330,0x00000000fe480000)
 Metaspace       used 45916K, capacity 47264K, committed 47360K, reserved 1089536K
  class space    used 6238K, capacity 6570K, committed 6656K, reserved 1048576K
}
Event: 17.968 GC heap before
{Heap before GC invocations=43 (full 2):
 PSYoungGen      total 17920K, used 16218K [0x00000000feb00000, 0x0000000100000000, 0x0000000100000000)
  eden space 14336K, 100% used [0x00000000feb00000,0x00000000ff900000,0x00000000ff900000)
  from space 3584K, 52% used [0x00000000ffc80000,0x00000000ffe56a28,0x0000000100000000)
  to   space 3584K, 0% used [0x00000000ff900000,0x00000000ff900000,0x00000000ffc80000)
 ParOldGen       total 37376K, used 23468K [0x00000000fc000000, 0x00000000fe480000, 0x00000000feb00000)
  object space 37376K, 62% used [0x00000000fc000000,0x00000000fd6eb330,0x00000000fe480000)
 Metaspace       used 46634K, capacity 48108K, committed 48256K, reserved 1091584K
  class space    used 6361K, capacity 6702K, committed 6784K, reserved 1048576K
Event: 17.981 GC heap after
Heap after GC invocations=43 (full 2):
 PSYoungGen      total 15872K, used 1440K [0x00000000feb00000, 0x00000000fff00000, 0x0000000100000000)
  eden space 14336K, 0% used [0x00000000feb00000,0x00000000feb00000,0x00000000ff900000)
  from space 1536K, 93% used [0x00000000ff900000,0x00000000ffa68000,0x00000000ffa80000)
  to   space 3072K, 0% used [0x00000000ffc00000,0x00000000ffc00000,0x00000000fff00000)
 ParOldGen       total 37376K, used 24826K [0x00000000fc000000, 0x00000000fe480000, 0x00000000feb00000)
  object space 37376K, 66% used [0x00000000fc000000,0x00000000fd83eb50,0x00000000fe480000)
 Metaspace       used 46634K, capacity 48108K, committed 48256K, reserved 1091584K
  class space    used 6361K, capacity 6702K, committed 6784K, reserved 1048576K
}

